<?xml version="1.0" encoding="UTF-8"?>
<testsuites>
	<testsuite tests="0" failures="0" time="0.000000" name="github.com/Ralphbaer/hash/pkg-build">
		<properties>
			<property name="go.version" value="go1.17 darwin/amd64"></property>
		</properties>
	</testsuite>
</testsuites>